<?xml version="1.0" encoding="UTF-8"?>
<!-- Generated by org.testng.reporters.JUnitXMLReporter -->
<testsuite ignored="0" hostname="Varshitha" failures="0" tests="5" name="Default test" time="8.191" errors="0" timestamp="2022-11-02T01:01:54 IST">
  <testcase classname="com.restAssured.admin.UpdateAdmin" name="updateAdmin" time="2.825"/>
  <testcase classname="com.restAssured.admin.GetAdminById" name="getAdminById" time="0.196"/>
  <testcase classname="com.restAssured.admin.DeleteAdmin" name="deleteAdmin" time="0.047"/>
  <testcase classname="com.restAssured.admin.GetAllAdmin" name="getAll" time="4.726"/>
  <testcase classname="com.restAssured.admin.SaveAdmin" name="saveAbmin" time="0.345"/>
</testsuite> <!-- Default test -->
